[2015-05-10 20:41:14] local.ERROR: exception 'Symfony\Component\Debug\Exception\FatalErrorException' with message 'syntax error, unexpected '}'' in /Applications/MAMP/htdocs/gifter_laravel/app/Http/routes.php:16
Stack trace:
#0 {main}  
[2015-05-10 22:38:05] local.ERROR: exception 'PDOException' with message 'SQLSTATE[28000] [1045] Access denied for user 'raul'@'localhost' (using password: YES)' in /Applications/MAMP/htdocs/gifter_laravel/vendor/laravel/framework/src/Illuminate/Database/Connectors/Connector.php:47
Stack trace:
#0 /Applications/MAMP/htdocs/gifter_laravel/vendor/laravel/framework/src/Illuminate/Database/Connectors/Connector.php(47): PDO->__construct('mysql:host=loca...', 'raul', 'redpanda21', Array)
#1 /Applications/MAMP/htdocs/gifter_laravel/vendor/laravel/framework/src/Illuminate/Database/Connectors/MySqlConnector.php(20): Illuminate\Database\Connectors\Connector->createConnection('mysql:host=loca...', Array, Array)
#2 /Applications/MAMP/htdocs/gifter_laravel/vendor/compiled.php(10673): Illuminate\Database\Connectors\MySqlConnector->connect(Array)
#3 /Applications/MAMP/htdocs/gifter_laravel/vendor/compiled.php(10669): Illuminate\Database\Connectors\ConnectionFactory->createSingleConnection(Array)
#4 /Applications/MAMP/htdocs/gifter_laravel/vendor/compiled.php(10587): Illuminate\Database\Connectors\ConnectionFactory->make(Array, 'mysql')
#5 /Applications/MAMP/htdocs/gifter_laravel/vendor/compiled.php(10542): Illuminate\Database\DatabaseManager->makeConnection('mysql')
#6 /Applications/MAMP/htdocs/gifter_laravel/vendor/laravel/framework/src/Illuminate/Validation/DatabasePresenceVerifier.php(113): Illuminate\Database\DatabaseManager->connection(NULL)
#7 /Applications/MAMP/htdocs/gifter_laravel/vendor/laravel/framework/src/Illuminate/Validation/DatabasePresenceVerifier.php(45): Illuminate\Validation\DatabasePresenceVerifier->table('users')
#8 /Applications/MAMP/htdocs/gifter_laravel/vendor/laravel/framework/src/Illuminate/Validation/Validator.php(1057): Illuminate\Validation\DatabasePresenceVerifier->getCount('users', 'email', 'hg@red.com', NULL, NULL, Array)
#9 /Applications/MAMP/htdocs/gifter_laravel/vendor/laravel/framework/src/Illuminate/Validation/Validator.php(372): Illuminate\Validation\Validator->validateUnique('email', 'hg@red.com', Array, Object(Illuminate\Validation\Validator))
#10 /Applications/MAMP/htdocs/gifter_laravel/vendor/laravel/framework/src/Illuminate/Validation/Validator.php(325): Illuminate\Validation\Validator->validate('email', 'unique:users')
#11 /Applications/MAMP/htdocs/gifter_laravel/vendor/laravel/framework/src/Illuminate/Validation/Validator.php(347): Illuminate\Validation\Validator->passes()
#12 /Applications/MAMP/htdocs/gifter_laravel/vendor/compiled.php(1971): Illuminate\Validation\Validator->fails()
#13 [internal function]: App\Http\Controllers\Auth\AuthController->postRegister(Object(Illuminate\Http\Request))
#14 /Applications/MAMP/htdocs/gifter_laravel/vendor/compiled.php(8287): call_user_func_array(Array, Array)
#15 /Applications/MAMP/htdocs/gifter_laravel/vendor/compiled.php(8354): Illuminate\Routing\Controller->callAction('postRegister', Array)
#16 /Applications/MAMP/htdocs/gifter_laravel/vendor/compiled.php(8333): Illuminate\Routing\ControllerDispatcher->call(Object(App\Http\Controllers\Auth\AuthController), Object(Illuminate\Routing\Route), 'postRegister')
#17 [internal function]: Illuminate\Routing\ControllerDispatcher->Illuminate\Routing\{closure}(Object(Illuminate\Http\Request))
#18 /Applications/MAMP/htdocs/gifter_laravel/vendor/compiled.php(8952): call_user_func(Object(Closure), Object(Illuminate\Http\Request))
#19 /Applications/MAMP/htdocs/gifter_laravel/app/Http/Middleware/RedirectIfAuthenticated.php(41): Illuminate\Pipeline\Pipeline->Illuminate\Pipeline\{closure}(Object(Illuminate\Http\Request))
#20 /Applications/MAMP/htdocs/gifter_laravel/vendor/compiled.php(8944): App\Http\Middleware\RedirectIfAuthenticated->handle(Object(Illuminate\Http\Request), Object(Closure))
#21 [internal function]: Illuminate\Pipeline\Pipeline->Illuminate\Pipeline\{closure}(Object(Illuminate\Http\Request))
#22 /Applications/MAMP/htdocs/gifter_laravel/vendor/compiled.php(8935): call_user_func(Object(Closure), Object(Illuminate\Http\Request))
#23 /Applications/MAMP/htdocs/gifter_laravel/vendor/compiled.php(8334): Illuminate\Pipeline\Pipeline->then(Object(Closure))
#24 /Applications/MAMP/htdocs/gifter_laravel/vendor/compiled.php(8320): Illuminate\Routing\ControllerDispatcher->callWithinStack(Object(App\Http\Controllers\Auth\AuthController), Object(Illuminate\Routing\Route), Object(Illuminate\Http\Request), 'postRegister')
#25 /Applications/MAMP/htdocs/gifter_laravel/vendor/compiled.php(7317): Illuminate\Routing\ControllerDispatcher->dispatch(Object(Illuminate\Routing\Route), Object(Illuminate\Http\Request), 'App\\Http\\Contro...', 'postRegister')
#26 /Applications/MAMP/htdocs/gifter_laravel/vendor/compiled.php(7288): Illuminate\Routing\Route->runWithCustomDispatcher(Object(Illuminate\Http\Request))
#27 /Applications/MAMP/htdocs/gifter_laravel/vendor/compiled.php(6954): Illuminate\Routing\Route->run(Object(Illuminate\Http\Request))
#28 [internal function]: Illuminate\Routing\Router->Illuminate\Routing\{closure}(Object(Illuminate\Http\Request))
#29 /Applications/MAMP/htdocs/gifter_laravel/vendor/compiled.php(8952): call_user_func(Object(Closure), Object(Illuminate\Http\Request))
#30 [internal function]: Illuminate\Pipeline\Pipeline->Illuminate\Pipeline\{closure}(Object(Illuminate\Http\Request))
#31 /Applications/MAMP/htdocs/gifter_laravel/vendor/compiled.php(8935): call_user_func(Object(Closure), Object(Illuminate\Http\Request))
#32 /Applications/MAMP/htdocs/gifter_laravel/vendor/compiled.php(6955): Illuminate\Pipeline\Pipeline->then(Object(Closure))
#33 /Applications/MAMP/htdocs/gifter_laravel/vendor/compiled.php(6944): Illuminate\Routing\Router->runRouteWithinStack(Object(Illuminate\Routing\Route), Object(Illuminate\Http\Request))
#34 /Applications/MAMP/htdocs/gifter_laravel/vendor/compiled.php(6929): Illuminate\Routing\Router->dispatchToRoute(Object(Illuminate\Http\Request))
#35 /Applications/MAMP/htdocs/gifter_laravel/vendor/compiled.php(1935): Illuminate\Routing\Router->dispatch(Object(Illuminate\Http\Request))
#36 [internal function]: Illuminate\Foundation\Http\Kernel->Illuminate\Foundation\Http\{closure}(Object(Illuminate\Http\Request))
#37 /Applications/MAMP/htdocs/gifter_laravel/vendor/compiled.php(8952): call_user_func(Object(Closure), Object(Illuminate\Http\Request))
#38 /Applications/MAMP/htdocs/gifter_laravel/vendor/compiled.php(2438): Illuminate\Pipeline\Pipeline->Illuminate\Pipeline\{closure}(Object(Illuminate\Http\Request))
#39 /Applications/MAMP/htdocs/gifter_laravel/app/Http/Middleware/VerifyCsrfToken.php(17): Illuminate\Foundation\Http\Middleware\VerifyCsrfToken->handle(Object(Illuminate\Http\Request), Object(Closure))
#40 /Applications/MAMP/htdocs/gifter_laravel/vendor/compiled.php(8944): App\Http\Middleware\VerifyCsrfToken->handle(Object(Illuminate\Http\Request), Object(Closure))
#41 /Applications/MAMP/htdocs/gifter_laravel/vendor/compiled.php(12083): Illuminate\Pipeline\Pipeline->Illuminate\Pipeline\{closure}(Object(Illuminate\Http\Request))
#42 /Applications/MAMP/htdocs/gifter_laravel/vendor/compiled.php(8944): Illuminate\View\Middleware\ShareErrorsFromSession->handle(Object(Illuminate\Http\Request), Object(Closure))
#43 /Applications/MAMP/htdocs/gifter_laravel/vendor/compiled.php(10785): Illuminate\Pipeline\Pipeline->Illuminate\Pipeline\{closure}(Object(Illuminate\Http\Request))
#44 /Applications/MAMP/htdocs/gifter_laravel/vendor/compiled.php(8944): Illuminate\Session\Middleware\StartSession->handle(Object(Illuminate\Http\Request), Object(Closure))
#45 /Applications/MAMP/htdocs/gifter_laravel/vendor/compiled.php(11789): Illuminate\Pipeline\Pipeline->Illuminate\Pipeline\{closure}(Object(Illuminate\Http\Request))
#46 /Applications/MAMP/htdocs/gifter_laravel/vendor/compiled.php(8944): Illuminate\Cookie\Middleware\AddQueuedCookiesToResponse->handle(Object(Illuminate\Http\Request), Object(Closure))
#47 /Applications/MAMP/htdocs/gifter_laravel/vendor/compiled.php(11738): Illuminate\Pipeline\Pipeline->Illuminate\Pipeline\{closure}(Object(Illuminate\Http\Request))
#48 /Applications/MAMP/htdocs/gifter_laravel/vendor/compiled.php(8944): Illuminate\Cookie\Middleware\EncryptCookies->handle(Object(Illuminate\Http\Request), Object(Closure))
#49 /Applications/MAMP/htdocs/gifter_laravel/vendor/compiled.php(2478): Illuminate\Pipeline\Pipeline->Illuminate\Pipeline\{closure}(Object(Illuminate\Http\Request))
#50 /Applications/MAMP/htdocs/gifter_laravel/vendor/compiled.php(8944): Illuminate\Foundation\Http\Middleware\CheckForMaintenanceMode->handle(Object(Illuminate\Http\Request), Object(Closure))
#51 [internal function]: Illuminate\Pipeline\Pipeline->Illuminate\Pipeline\{closure}(Object(Illuminate\Http\Request))
#52 /Applications/MAMP/htdocs/gifter_laravel/vendor/compiled.php(8935): call_user_func(Object(Closure), Object(Illuminate\Http\Request))
#53 /Applications/MAMP/htdocs/gifter_laravel/vendor/compiled.php(1891): Illuminate\Pipeline\Pipeline->then(Object(Closure))
#54 /Applications/MAMP/htdocs/gifter_laravel/vendor/compiled.php(1880): Illuminate\Foundation\Http\Kernel->sendRequestThroughRouter(Object(Illuminate\Http\Request))
#55 /Applications/MAMP/htdocs/gifter_laravel/public/index.php(53): Illuminate\Foundation\Http\Kernel->handle(Object(Illuminate\Http\Request))
#56 {main}  
[2015-05-10 23:37:03] local.ERROR: exception 'Symfony\Component\Debug\Exception\FatalErrorException' with message 'syntax error, unexpected ''auth'' (T_CONSTANT_ENCAPSED_STRING), expecting ']'' in /Applications/MAMP/htdocs/gifter_laravel/app/Http/routes.php:20
Stack trace:
#0 {main}  
[2015-05-10 23:37:19] local.ERROR: exception 'ReflectionException' with message 'Class App\Http\Controllers\UserController does not exist' in /Applications/MAMP/htdocs/gifter_laravel/vendor/compiled.php:8420
Stack trace:
#0 /Applications/MAMP/htdocs/gifter_laravel/vendor/compiled.php(8420): ReflectionClass->__construct('App\\Http\\Contro...')
#1 /Applications/MAMP/htdocs/gifter_laravel/vendor/compiled.php(6787): Illuminate\Routing\ControllerInspector->getRoutable('App\\Http\\Contro...', 'user')
#2 /Applications/MAMP/htdocs/gifter_laravel/vendor/compiled.php(6778): Illuminate\Routing\Router->controller('user', 'UserController')
#3 /Applications/MAMP/htdocs/gifter_laravel/vendor/compiled.php(5301): Illuminate\Routing\Router->controllers(Array)
#4 /Applications/MAMP/htdocs/gifter_laravel/app/Http/routes.php(22): Illuminate\Support\Facades\Facade::__callStatic('controllers', Array)
#5 /Applications/MAMP/htdocs/gifter_laravel/app/Http/routes.php(22): Illuminate\Support\Facades\Route::controllers(Array)
#6 /Applications/MAMP/htdocs/gifter_laravel/vendor/compiled.php(17158): require('/Applications/M...')
#7 [internal function]: App\Providers\RouteServiceProvider->App\Providers\{closure}(Object(Illuminate\Routing\Router))
#8 /Applications/MAMP/htdocs/gifter_laravel/vendor/compiled.php(6819): call_user_func(Object(Closure), Object(Illuminate\Routing\Router))
#9 /Applications/MAMP/htdocs/gifter_laravel/vendor/compiled.php(17159): Illuminate\Routing\Router->group(Array, Object(Closure))
#10 [internal function]: App\Providers\RouteServiceProvider->map(Object(Illuminate\Routing\Router))
#11 /Applications/MAMP/htdocs/gifter_laravel/vendor/compiled.php(925): call_user_func_array(Array, Array)
#12 /Applications/MAMP/htdocs/gifter_laravel/vendor/compiled.php(4858): Illuminate\Container\Container->call(Array)
#13 /Applications/MAMP/htdocs/gifter_laravel/vendor/compiled.php(4840): Illuminate\Foundation\Support\Providers\RouteServiceProvider->loadRoutes()
#14 /Applications/MAMP/htdocs/gifter_laravel/vendor/compiled.php(17153): Illuminate\Foundation\Support\Providers\RouteServiceProvider->boot(Object(Illuminate\Routing\Router))
#15 [internal function]: App\Providers\RouteServiceProvider->boot(Object(Illuminate\Routing\Router))
#16 /Applications/MAMP/htdocs/gifter_laravel/vendor/compiled.php(925): call_user_func_array(Array, Array)
#17 /Applications/MAMP/htdocs/gifter_laravel/vendor/compiled.php(1518): Illuminate\Container\Container->call(Array)
#18 /Applications/MAMP/htdocs/gifter_laravel/vendor/compiled.php(1510): Illuminate\Foundation\Application->bootProvider(Object(App\Providers\RouteServiceProvider))
#19 [internal function]: Illuminate\Foundation\Application->Illuminate\Foundation\{closure}(Object(App\Providers\RouteServiceProvider), 18)
#20 /Applications/MAMP/htdocs/gifter_laravel/vendor/compiled.php(1511): array_walk(Array, Object(Closure))
#21 /Applications/MAMP/htdocs/gifter_laravel/vendor/compiled.php(1785): Illuminate\Foundation\Application->boot()
#22 /Applications/MAMP/htdocs/gifter_laravel/vendor/compiled.php(1311): Illuminate\Foundation\Bootstrap\BootProviders->bootstrap(Object(Illuminate\Foundation\Application))
#23 /Applications/MAMP/htdocs/gifter_laravel/vendor/compiled.php(1928): Illuminate\Foundation\Application->bootstrapWith(Array)
#24 /Applications/MAMP/htdocs/gifter_laravel/vendor/compiled.php(1890): Illuminate\Foundation\Http\Kernel->bootstrap()
#25 /Applications/MAMP/htdocs/gifter_laravel/vendor/compiled.php(1880): Illuminate\Foundation\Http\Kernel->sendRequestThroughRouter(Object(Illuminate\Http\Request))
#26 /Applications/MAMP/htdocs/gifter_laravel/public/index.php(53): Illuminate\Foundation\Http\Kernel->handle(Object(Illuminate\Http\Request))
#27 {main}  
[2015-05-10 23:37:30] local.ERROR: exception 'ReflectionException' with message 'Class App\Http\Controllers\UserController does not exist' in /Applications/MAMP/htdocs/gifter_laravel/vendor/compiled.php:8420
Stack trace:
#0 /Applications/MAMP/htdocs/gifter_laravel/vendor/compiled.php(8420): ReflectionClass->__construct('App\\Http\\Contro...')
#1 /Applications/MAMP/htdocs/gifter_laravel/vendor/compiled.php(6787): Illuminate\Routing\ControllerInspector->getRoutable('App\\Http\\Contro...', 'users')
#2 /Applications/MAMP/htdocs/gifter_laravel/vendor/compiled.php(6778): Illuminate\Routing\Router->controller('users', 'UserController')
#3 /Applications/MAMP/htdocs/gifter_laravel/vendor/compiled.php(5301): Illuminate\Routing\Router->controllers(Array)
#4 /Applications/MAMP/htdocs/gifter_laravel/app/Http/routes.php(22): Illuminate\Support\Facades\Facade::__callStatic('controllers', Array)
#5 /Applications/MAMP/htdocs/gifter_laravel/app/Http/routes.php(22): Illuminate\Support\Facades\Route::controllers(Array)
#6 /Applications/MAMP/htdocs/gifter_laravel/vendor/compiled.php(17158): require('/Applications/M...')
#7 [internal function]: App\Providers\RouteServiceProvider->App\Providers\{closure}(Object(Illuminate\Routing\Router))
#8 /Applications/MAMP/htdocs/gifter_laravel/vendor/compiled.php(6819): call_user_func(Object(Closure), Object(Illuminate\Routing\Router))
#9 /Applications/MAMP/htdocs/gifter_laravel/vendor/compiled.php(17159): Illuminate\Routing\Router->group(Array, Object(Closure))
#10 [internal function]: App\Providers\RouteServiceProvider->map(Object(Illuminate\Routing\Router))
#11 /Applications/MAMP/htdocs/gifter_laravel/vendor/compiled.php(925): call_user_func_array(Array, Array)
#12 /Applications/MAMP/htdocs/gifter_laravel/vendor/compiled.php(4858): Illuminate\Container\Container->call(Array)
#13 /Applications/MAMP/htdocs/gifter_laravel/vendor/compiled.php(4840): Illuminate\Foundation\Support\Providers\RouteServiceProvider->loadRoutes()
#14 /Applications/MAMP/htdocs/gifter_laravel/vendor/compiled.php(17153): Illuminate\Foundation\Support\Providers\RouteServiceProvider->boot(Object(Illuminate\Routing\Router))
#15 [internal function]: App\Providers\RouteServiceProvider->boot(Object(Illuminate\Routing\Router))
#16 /Applications/MAMP/htdocs/gifter_laravel/vendor/compiled.php(925): call_user_func_array(Array, Array)
#17 /Applications/MAMP/htdocs/gifter_laravel/vendor/compiled.php(1518): Illuminate\Container\Container->call(Array)
#18 /Applications/MAMP/htdocs/gifter_laravel/vendor/compiled.php(1510): Illuminate\Foundation\Application->bootProvider(Object(App\Providers\RouteServiceProvider))
#19 [internal function]: Illuminate\Foundation\Application->Illuminate\Foundation\{closure}(Object(App\Providers\RouteServiceProvider), 18)
#20 /Applications/MAMP/htdocs/gifter_laravel/vendor/compiled.php(1511): array_walk(Array, Object(Closure))
#21 /Applications/MAMP/htdocs/gifter_laravel/vendor/compiled.php(1785): Illuminate\Foundation\Application->boot()
#22 /Applications/MAMP/htdocs/gifter_laravel/vendor/compiled.php(1311): Illuminate\Foundation\Bootstrap\BootProviders->bootstrap(Object(Illuminate\Foundation\Application))
#23 /Applications/MAMP/htdocs/gifter_laravel/vendor/compiled.php(1928): Illuminate\Foundation\Application->bootstrapWith(Array)
#24 /Applications/MAMP/htdocs/gifter_laravel/vendor/compiled.php(1890): Illuminate\Foundation\Http\Kernel->bootstrap()
#25 /Applications/MAMP/htdocs/gifter_laravel/vendor/compiled.php(1880): Illuminate\Foundation\Http\Kernel->sendRequestThroughRouter(Object(Illuminate\Http\Request))
#26 /Applications/MAMP/htdocs/gifter_laravel/public/index.php(53): Illuminate\Foundation\Http\Kernel->handle(Object(Illuminate\Http\Request))
#27 {main}  
[2015-05-10 23:38:28] local.ERROR: exception 'ReflectionException' with message 'Class App\Http\Controllers\UserController does not exist' in /Applications/MAMP/htdocs/gifter_laravel/vendor/compiled.php:8420
Stack trace:
#0 /Applications/MAMP/htdocs/gifter_laravel/vendor/compiled.php(8420): ReflectionClass->__construct('App\\Http\\Contro...')
#1 /Applications/MAMP/htdocs/gifter_laravel/vendor/compiled.php(6787): Illuminate\Routing\ControllerInspector->getRoutable('App\\Http\\Contro...', 'users')
#2 /Applications/MAMP/htdocs/gifter_laravel/vendor/compiled.php(6778): Illuminate\Routing\Router->controller('users', 'UserController')
#3 /Applications/MAMP/htdocs/gifter_laravel/vendor/compiled.php(5301): Illuminate\Routing\Router->controllers(Array)
#4 /Applications/MAMP/htdocs/gifter_laravel/app/Http/routes.php(22): Illuminate\Support\Facades\Facade::__callStatic('controllers', Array)
#5 /Applications/MAMP/htdocs/gifter_laravel/app/Http/routes.php(22): Illuminate\Support\Facades\Route::controllers(Array)
#6 /Applications/MAMP/htdocs/gifter_laravel/vendor/compiled.php(17158): require('/Applications/M...')
#7 [internal function]: App\Providers\RouteServiceProvider->App\Providers\{closure}(Object(Illuminate\Routing\Router))
#8 /Applications/MAMP/htdocs/gifter_laravel/vendor/compiled.php(6819): call_user_func(Object(Closure), Object(Illuminate\Routing\Router))
#9 /Applications/MAMP/htdocs/gifter_laravel/vendor/compiled.php(17159): Illuminate\Routing\Router->group(Array, Object(Closure))
#10 [internal function]: App\Providers\RouteServiceProvider->map(Object(Illuminate\Routing\Router))
#11 /Applications/MAMP/htdocs/gifter_laravel/vendor/compiled.php(925): call_user_func_array(Array, Array)
#12 /Applications/MAMP/htdocs/gifter_laravel/vendor/compiled.php(4858): Illuminate\Container\Container->call(Array)
#13 /Applications/MAMP/htdocs/gifter_laravel/vendor/compiled.php(4840): Illuminate\Foundation\Support\Providers\RouteServiceProvider->loadRoutes()
#14 /Applications/MAMP/htdocs/gifter_laravel/vendor/compiled.php(17153): Illuminate\Foundation\Support\Providers\RouteServiceProvider->boot(Object(Illuminate\Routing\Router))
#15 [internal function]: App\Providers\RouteServiceProvider->boot(Object(Illuminate\Routing\Router))
#16 /Applications/MAMP/htdocs/gifter_laravel/vendor/compiled.php(925): call_user_func_array(Array, Array)
#17 /Applications/MAMP/htdocs/gifter_laravel/vendor/compiled.php(1518): Illuminate\Container\Container->call(Array)
#18 /Applications/MAMP/htdocs/gifter_laravel/vendor/compiled.php(1510): Illuminate\Foundation\Application->bootProvider(Object(App\Providers\RouteServiceProvider))
#19 [internal function]: Illuminate\Foundation\Application->Illuminate\Foundation\{closure}(Object(App\Providers\RouteServiceProvider), 18)
#20 /Applications/MAMP/htdocs/gifter_laravel/vendor/compiled.php(1511): array_walk(Array, Object(Closure))
#21 /Applications/MAMP/htdocs/gifter_laravel/vendor/compiled.php(1785): Illuminate\Foundation\Application->boot()
#22 /Applications/MAMP/htdocs/gifter_laravel/vendor/compiled.php(1311): Illuminate\Foundation\Bootstrap\BootProviders->bootstrap(Object(Illuminate\Foundation\Application))
#23 /Applications/MAMP/htdocs/gifter_laravel/vendor/compiled.php(1928): Illuminate\Foundation\Application->bootstrapWith(Array)
#24 /Applications/MAMP/htdocs/gifter_laravel/vendor/compiled.php(1890): Illuminate\Foundation\Http\Kernel->bootstrap()
#25 /Applications/MAMP/htdocs/gifter_laravel/vendor/compiled.php(1880): Illuminate\Foundation\Http\Kernel->sendRequestThroughRouter(Object(Illuminate\Http\Request))
#26 /Applications/MAMP/htdocs/gifter_laravel/public/index.php(53): Illuminate\Foundation\Http\Kernel->handle(Object(Illuminate\Http\Request))
#27 {main}  
[2015-05-10 23:38:48] local.ERROR: exception 'ReflectionException' with message 'Class App\Http\Controllers\UserController does not exist' in /Applications/MAMP/htdocs/gifter_laravel/vendor/compiled.php:8420
Stack trace:
#0 /Applications/MAMP/htdocs/gifter_laravel/vendor/compiled.php(8420): ReflectionClass->__construct('App\\Http\\Contro...')
#1 /Applications/MAMP/htdocs/gifter_laravel/vendor/compiled.php(6787): Illuminate\Routing\ControllerInspector->getRoutable('App\\Http\\Contro...', 'users')
#2 /Applications/MAMP/htdocs/gifter_laravel/vendor/compiled.php(6778): Illuminate\Routing\Router->controller('users', 'UserController')
#3 /Applications/MAMP/htdocs/gifter_laravel/vendor/compiled.php(5301): Illuminate\Routing\Router->controllers(Array)
#4 /Applications/MAMP/htdocs/gifter_laravel/app/Http/routes.php(22): Illuminate\Support\Facades\Facade::__callStatic('controllers', Array)
#5 /Applications/MAMP/htdocs/gifter_laravel/app/Http/routes.php(22): Illuminate\Support\Facades\Route::controllers(Array)
#6 /Applications/MAMP/htdocs/gifter_laravel/vendor/compiled.php(17158): require('/Applications/M...')
#7 [internal function]: App\Providers\RouteServiceProvider->App\Providers\{closure}(Object(Illuminate\Routing\Router))
#8 /Applications/MAMP/htdocs/gifter_laravel/vendor/compiled.php(6819): call_user_func(Object(Closure), Object(Illuminate\Routing\Router))
#9 /Applications/MAMP/htdocs/gifter_laravel/vendor/compiled.php(17159): Illuminate\Routing\Router->group(Array, Object(Closure))
#10 [internal function]: App\Providers\RouteServiceProvider->map(Object(Illuminate\Routing\Router))
#11 /Applications/MAMP/htdocs/gifter_laravel/vendor/compiled.php(925): call_user_func_array(Array, Array)
#12 /Applications/MAMP/htdocs/gifter_laravel/vendor/compiled.php(4858): Illuminate\Container\Container->call(Array)
#13 /Applications/MAMP/htdocs/gifter_laravel/vendor/compiled.php(4840): Illuminate\Foundation\Support\Providers\RouteServiceProvider->loadRoutes()
#14 /Applications/MAMP/htdocs/gifter_laravel/vendor/compiled.php(17153): Illuminate\Foundation\Support\Providers\RouteServiceProvider->boot(Object(Illuminate\Routing\Router))
#15 [internal function]: App\Providers\RouteServiceProvider->boot(Object(Illuminate\Routing\Router))
#16 /Applications/MAMP/htdocs/gifter_laravel/vendor/compiled.php(925): call_user_func_array(Array, Array)
#17 /Applications/MAMP/htdocs/gifter_laravel/vendor/compiled.php(1518): Illuminate\Container\Container->call(Array)
#18 /Applications/MAMP/htdocs/gifter_laravel/vendor/compiled.php(1510): Illuminate\Foundation\Application->bootProvider(Object(App\Providers\RouteServiceProvider))
#19 [internal function]: Illuminate\Foundation\Application->Illuminate\Foundation\{closure}(Object(App\Providers\RouteServiceProvider), 18)
#20 /Applications/MAMP/htdocs/gifter_laravel/vendor/compiled.php(1511): array_walk(Array, Object(Closure))
#21 /Applications/MAMP/htdocs/gifter_laravel/vendor/compiled.php(1785): Illuminate\Foundation\Application->boot()
#22 /Applications/MAMP/htdocs/gifter_laravel/vendor/compiled.php(1311): Illuminate\Foundation\Bootstrap\BootProviders->bootstrap(Object(Illuminate\Foundation\Application))
#23 /Applications/MAMP/htdocs/gifter_laravel/vendor/compiled.php(1928): Illuminate\Foundation\Application->bootstrapWith(Array)
#24 /Applications/MAMP/htdocs/gifter_laravel/vendor/compiled.php(1890): Illuminate\Foundation\Http\Kernel->bootstrap()
#25 /Applications/MAMP/htdocs/gifter_laravel/vendor/compiled.php(1880): Illuminate\Foundation\Http\Kernel->sendRequestThroughRouter(Object(Illuminate\Http\Request))
#26 /Applications/MAMP/htdocs/gifter_laravel/public/index.php(53): Illuminate\Foundation\Http\Kernel->handle(Object(Illuminate\Http\Request))
#27 {main}  
[2015-05-10 23:39:27] local.ERROR: exception 'ReflectionException' with message 'Class App\Http\Controllers\UserController does not exist' in /Applications/MAMP/htdocs/gifter_laravel/vendor/compiled.php:8420
Stack trace:
#0 /Applications/MAMP/htdocs/gifter_laravel/vendor/compiled.php(8420): ReflectionClass->__construct('App\\Http\\Contro...')
#1 /Applications/MAMP/htdocs/gifter_laravel/vendor/compiled.php(6787): Illuminate\Routing\ControllerInspector->getRoutable('App\\Http\\Contro...', 'users')
#2 /Applications/MAMP/htdocs/gifter_laravel/vendor/compiled.php(6778): Illuminate\Routing\Router->controller('users', 'UserController')
#3 /Applications/MAMP/htdocs/gifter_laravel/vendor/compiled.php(5301): Illuminate\Routing\Router->controllers(Array)
#4 /Applications/MAMP/htdocs/gifter_laravel/app/Http/routes.php(22): Illuminate\Support\Facades\Facade::__callStatic('controllers', Array)
#5 /Applications/MAMP/htdocs/gifter_laravel/app/Http/routes.php(22): Illuminate\Support\Facades\Route::controllers(Array)
#6 /Applications/MAMP/htdocs/gifter_laravel/vendor/compiled.php(17158): require('/Applications/M...')
#7 [internal function]: App\Providers\RouteServiceProvider->App\Providers\{closure}(Object(Illuminate\Routing\Router))
#8 /Applications/MAMP/htdocs/gifter_laravel/vendor/compiled.php(6819): call_user_func(Object(Closure), Object(Illuminate\Routing\Router))
#9 /Applications/MAMP/htdocs/gifter_laravel/vendor/compiled.php(17159): Illuminate\Routing\Router->group(Array, Object(Closure))
#10 [internal function]: App\Providers\RouteServiceProvider->map(Object(Illuminate\Routing\Router))
#11 /Applications/MAMP/htdocs/gifter_laravel/vendor/compiled.php(925): call_user_func_array(Array, Array)
#12 /Applications/MAMP/htdocs/gifter_laravel/vendor/compiled.php(4858): Illuminate\Container\Container->call(Array)
#13 /Applications/MAMP/htdocs/gifter_laravel/vendor/compiled.php(4840): Illuminate\Foundation\Support\Providers\RouteServiceProvider->loadRoutes()
#14 /Applications/MAMP/htdocs/gifter_laravel/vendor/compiled.php(17153): Illuminate\Foundation\Support\Providers\RouteServiceProvider->boot(Object(Illuminate\Routing\Router))
#15 [internal function]: App\Providers\RouteServiceProvider->boot(Object(Illuminate\Routing\Router))
#16 /Applications/MAMP/htdocs/gifter_laravel/vendor/compiled.php(925): call_user_func_array(Array, Array)
#17 /Applications/MAMP/htdocs/gifter_laravel/vendor/compiled.php(1518): Illuminate\Container\Container->call(Array)
#18 /Applications/MAMP/htdocs/gifter_laravel/vendor/compiled.php(1510): Illuminate\Foundation\Application->bootProvider(Object(App\Providers\RouteServiceProvider))
#19 [internal function]: Illuminate\Foundation\Application->Illuminate\Foundation\{closure}(Object(App\Providers\RouteServiceProvider), 18)
#20 /Applications/MAMP/htdocs/gifter_laravel/vendor/compiled.php(1511): array_walk(Array, Object(Closure))
#21 /Applications/MAMP/htdocs/gifter_laravel/vendor/compiled.php(1785): Illuminate\Foundation\Application->boot()
#22 /Applications/MAMP/htdocs/gifter_laravel/vendor/compiled.php(1311): Illuminate\Foundation\Bootstrap\BootProviders->bootstrap(Object(Illuminate\Foundation\Application))
#23 /Applications/MAMP/htdocs/gifter_laravel/vendor/compiled.php(1928): Illuminate\Foundation\Application->bootstrapWith(Array)
#24 /Applications/MAMP/htdocs/gifter_laravel/vendor/compiled.php(1890): Illuminate\Foundation\Http\Kernel->bootstrap()
#25 /Applications/MAMP/htdocs/gifter_laravel/vendor/compiled.php(1880): Illuminate\Foundation\Http\Kernel->sendRequestThroughRouter(Object(Illuminate\Http\Request))
#26 /Applications/MAMP/htdocs/gifter_laravel/public/index.php(53): Illuminate\Foundation\Http\Kernel->handle(Object(Illuminate\Http\Request))
#27 {main}  
[2015-05-10 23:47:42] local.ERROR: exception 'Symfony\Component\Debug\Exception\FatalErrorException' with message 'syntax error, unexpected '->' (T_OBJECT_OPERATOR)' in /Applications/MAMP/htdocs/gifter_laravel/app/Http/Controllers/UserController.php:10
Stack trace:
#0 {main}  
