[2015-05-12 02:30:20] local.ERROR: exception 'Symfony\Component\Debug\Exception\FatalErrorException' with message 'syntax error, unexpected 'class' (T_CLASS), expecting ',' or ';'' in /Applications/MAMP/htdocs/gifter_laravel/app/Http/Controllers/UserController.php:6
Stack trace:
#0 {main}  
[2015-05-12 02:30:24] local.ERROR: exception 'Symfony\Component\Debug\Exception\FatalErrorException' with message 'syntax error, unexpected 'class' (T_CLASS), expecting ',' or ';'' in /Applications/MAMP/htdocs/gifter_laravel/app/Http/Controllers/UserController.php:6
Stack trace:
#0 {main}  
[2015-05-12 02:35:21] local.ERROR: exception 'Symfony\Component\Debug\Exception\FatalErrorException' with message 'syntax error, unexpected '$this' (T_VARIABLE)' in /Applications/MAMP/htdocs/gifter_laravel/app/User.php:36
Stack trace:
#0 {main}  
[2015-05-12 02:42:19] local.ERROR: exception 'ErrorException' with message 'Undefined property: App\User::$name' in /Applications/MAMP/htdocs/gifter_laravel/app/User.php:36
Stack trace:
#0 /Applications/MAMP/htdocs/gifter_laravel/app/User.php(36): Illuminate\Foundation\Bootstrap\HandleExceptions->handleError(8, 'Undefined prope...', '/Applications/M...', 36, Array)
#1 /Applications/MAMP/htdocs/gifter_laravel/vendor/compiled.php(10234): App\User->getNameAttribute('raul')
#2 /Applications/MAMP/htdocs/gifter_laravel/vendor/compiled.php(10203): Illuminate\Database\Eloquent\Model->mutateAttribute('name', 'raul')
#3 /Applications/MAMP/htdocs/gifter_laravel/vendor/compiled.php(10190): Illuminate\Database\Eloquent\Model->getAttributeValue('name')
#4 /Applications/MAMP/htdocs/gifter_laravel/vendor/compiled.php(10470): Illuminate\Database\Eloquent\Model->getAttribute('name')
#5 /Applications/MAMP/htdocs/gifter_laravel/app/Http/Controllers/UserController.php(12): Illuminate\Database\Eloquent\Model->__get('name')
#6 [internal function]: App\Http\Controllers\UserController->getOrm()
#7 /Applications/MAMP/htdocs/gifter_laravel/vendor/compiled.php(8287): call_user_func_array(Array, Array)
#8 /Applications/MAMP/htdocs/gifter_laravel/vendor/compiled.php(8354): Illuminate\Routing\Controller->callAction('getOrm', Array)
#9 /Applications/MAMP/htdocs/gifter_laravel/vendor/compiled.php(8333): Illuminate\Routing\ControllerDispatcher->call(Object(App\Http\Controllers\UserController), Object(Illuminate\Routing\Route), 'getOrm')
#10 [internal function]: Illuminate\Routing\ControllerDispatcher->Illuminate\Routing\{closure}(Object(Illuminate\Http\Request))
#11 /Applications/MAMP/htdocs/gifter_laravel/vendor/compiled.php(8952): call_user_func(Object(Closure), Object(Illuminate\Http\Request))
#12 [internal function]: Illuminate\Pipeline\Pipeline->Illuminate\Pipeline\{closure}(Object(Illuminate\Http\Request))
#13 /Applications/MAMP/htdocs/gifter_laravel/vendor/compiled.php(8935): call_user_func(Object(Closure), Object(Illuminate\Http\Request))
#14 /Applications/MAMP/htdocs/gifter_laravel/vendor/compiled.php(8334): Illuminate\Pipeline\Pipeline->then(Object(Closure))
#15 /Applications/MAMP/htdocs/gifter_laravel/vendor/compiled.php(8320): Illuminate\Routing\ControllerDispatcher->callWithinStack(Object(App\Http\Controllers\UserController), Object(Illuminate\Routing\Route), Object(Illuminate\Http\Request), 'getOrm')
#16 /Applications/MAMP/htdocs/gifter_laravel/vendor/compiled.php(7317): Illuminate\Routing\ControllerDispatcher->dispatch(Object(Illuminate\Routing\Route), Object(Illuminate\Http\Request), 'App\\Http\\Contro...', 'getOrm')
#17 /Applications/MAMP/htdocs/gifter_laravel/vendor/compiled.php(7288): Illuminate\Routing\Route->runWithCustomDispatcher(Object(Illuminate\Http\Request))
#18 /Applications/MAMP/htdocs/gifter_laravel/vendor/compiled.php(6954): Illuminate\Routing\Route->run(Object(Illuminate\Http\Request))
#19 [internal function]: Illuminate\Routing\Router->Illuminate\Routing\{closure}(Object(Illuminate\Http\Request))
#20 /Applications/MAMP/htdocs/gifter_laravel/vendor/compiled.php(8952): call_user_func(Object(Closure), Object(Illuminate\Http\Request))
#21 [internal function]: Illuminate\Pipeline\Pipeline->Illuminate\Pipeline\{closure}(Object(Illuminate\Http\Request))
#22 /Applications/MAMP/htdocs/gifter_laravel/vendor/compiled.php(8935): call_user_func(Object(Closure), Object(Illuminate\Http\Request))
#23 /Applications/MAMP/htdocs/gifter_laravel/vendor/compiled.php(6955): Illuminate\Pipeline\Pipeline->then(Object(Closure))
#24 /Applications/MAMP/htdocs/gifter_laravel/vendor/compiled.php(6944): Illuminate\Routing\Router->runRouteWithinStack(Object(Illuminate\Routing\Route), Object(Illuminate\Http\Request))
#25 /Applications/MAMP/htdocs/gifter_laravel/vendor/compiled.php(6929): Illuminate\Routing\Router->dispatchToRoute(Object(Illuminate\Http\Request))
#26 /Applications/MAMP/htdocs/gifter_laravel/vendor/compiled.php(1935): Illuminate\Routing\Router->dispatch(Object(Illuminate\Http\Request))
#27 [internal function]: Illuminate\Foundation\Http\Kernel->Illuminate\Foundation\Http\{closure}(Object(Illuminate\Http\Request))
#28 /Applications/MAMP/htdocs/gifter_laravel/vendor/compiled.php(8952): call_user_func(Object(Closure), Object(Illuminate\Http\Request))
#29 /Applications/MAMP/htdocs/gifter_laravel/vendor/compiled.php(2438): Illuminate\Pipeline\Pipeline->Illuminate\Pipeline\{closure}(Object(Illuminate\Http\Request))
#30 /Applications/MAMP/htdocs/gifter_laravel/app/Http/Middleware/VerifyCsrfToken.php(17): Illuminate\Foundation\Http\Middleware\VerifyCsrfToken->handle(Object(Illuminate\Http\Request), Object(Closure))
#31 /Applications/MAMP/htdocs/gifter_laravel/vendor/compiled.php(8944): App\Http\Middleware\VerifyCsrfToken->handle(Object(Illuminate\Http\Request), Object(Closure))
#32 /Applications/MAMP/htdocs/gifter_laravel/vendor/compiled.php(12083): Illuminate\Pipeline\Pipeline->Illuminate\Pipeline\{closure}(Object(Illuminate\Http\Request))
#33 /Applications/MAMP/htdocs/gifter_laravel/vendor/compiled.php(8944): Illuminate\View\Middleware\ShareErrorsFromSession->handle(Object(Illuminate\Http\Request), Object(Closure))
#34 /Applications/MAMP/htdocs/gifter_laravel/vendor/compiled.php(10785): Illuminate\Pipeline\Pipeline->Illuminate\Pipeline\{closure}(Object(Illuminate\Http\Request))
#35 /Applications/MAMP/htdocs/gifter_laravel/vendor/compiled.php(8944): Illuminate\Session\Middleware\StartSession->handle(Object(Illuminate\Http\Request), Object(Closure))
#36 /Applications/MAMP/htdocs/gifter_laravel/vendor/compiled.php(11789): Illuminate\Pipeline\Pipeline->Illuminate\Pipeline\{closure}(Object(Illuminate\Http\Request))
#37 /Applications/MAMP/htdocs/gifter_laravel/vendor/compiled.php(8944): Illuminate\Cookie\Middleware\AddQueuedCookiesToResponse->handle(Object(Illuminate\Http\Request), Object(Closure))
#38 /Applications/MAMP/htdocs/gifter_laravel/vendor/compiled.php(11738): Illuminate\Pipeline\Pipeline->Illuminate\Pipeline\{closure}(Object(Illuminate\Http\Request))
#39 /Applications/MAMP/htdocs/gifter_laravel/vendor/compiled.php(8944): Illuminate\Cookie\Middleware\EncryptCookies->handle(Object(Illuminate\Http\Request), Object(Closure))
#40 /Applications/MAMP/htdocs/gifter_laravel/vendor/compiled.php(2478): Illuminate\Pipeline\Pipeline->Illuminate\Pipeline\{closure}(Object(Illuminate\Http\Request))
#41 /Applications/MAMP/htdocs/gifter_laravel/vendor/compiled.php(8944): Illuminate\Foundation\Http\Middleware\CheckForMaintenanceMode->handle(Object(Illuminate\Http\Request), Object(Closure))
#42 [internal function]: Illuminate\Pipeline\Pipeline->Illuminate\Pipeline\{closure}(Object(Illuminate\Http\Request))
#43 /Applications/MAMP/htdocs/gifter_laravel/vendor/compiled.php(8935): call_user_func(Object(Closure), Object(Illuminate\Http\Request))
#44 /Applications/MAMP/htdocs/gifter_laravel/vendor/compiled.php(1891): Illuminate\Pipeline\Pipeline->then(Object(Closure))
#45 /Applications/MAMP/htdocs/gifter_laravel/vendor/compiled.php(1880): Illuminate\Foundation\Http\Kernel->sendRequestThroughRouter(Object(Illuminate\Http\Request))
#46 /Applications/MAMP/htdocs/gifter_laravel/public/index.php(53): Illuminate\Foundation\Http\Kernel->handle(Object(Illuminate\Http\Request))
#47 {main}  
[2015-05-12 02:45:34] local.ERROR: exception 'ErrorException' with message 'Undefined property: App\User::$name' in /Applications/MAMP/htdocs/gifter_laravel/app/User.php:36
Stack trace:
#0 /Applications/MAMP/htdocs/gifter_laravel/app/User.php(36): Illuminate\Foundation\Bootstrap\HandleExceptions->handleError(8, 'Undefined prope...', '/Applications/M...', 36, Array)
#1 /Applications/MAMP/htdocs/gifter_laravel/vendor/compiled.php(10234): App\User->getNameAttribute('raul')
#2 /Applications/MAMP/htdocs/gifter_laravel/vendor/compiled.php(10203): Illuminate\Database\Eloquent\Model->mutateAttribute('name', 'raul')
#3 /Applications/MAMP/htdocs/gifter_laravel/vendor/compiled.php(10190): Illuminate\Database\Eloquent\Model->getAttributeValue('name')
#4 /Applications/MAMP/htdocs/gifter_laravel/vendor/compiled.php(10470): Illuminate\Database\Eloquent\Model->getAttribute('name')
#5 /Applications/MAMP/htdocs/gifter_laravel/app/Http/Controllers/UserController.php(12): Illuminate\Database\Eloquent\Model->__get('name')
#6 [internal function]: App\Http\Controllers\UserController->getOrm()
#7 /Applications/MAMP/htdocs/gifter_laravel/vendor/compiled.php(8287): call_user_func_array(Array, Array)
#8 /Applications/MAMP/htdocs/gifter_laravel/vendor/compiled.php(8354): Illuminate\Routing\Controller->callAction('getOrm', Array)
#9 /Applications/MAMP/htdocs/gifter_laravel/vendor/compiled.php(8333): Illuminate\Routing\ControllerDispatcher->call(Object(App\Http\Controllers\UserController), Object(Illuminate\Routing\Route), 'getOrm')
#10 [internal function]: Illuminate\Routing\ControllerDispatcher->Illuminate\Routing\{closure}(Object(Illuminate\Http\Request))
#11 /Applications/MAMP/htdocs/gifter_laravel/vendor/compiled.php(8952): call_user_func(Object(Closure), Object(Illuminate\Http\Request))
#12 [internal function]: Illuminate\Pipeline\Pipeline->Illuminate\Pipeline\{closure}(Object(Illuminate\Http\Request))
#13 /Applications/MAMP/htdocs/gifter_laravel/vendor/compiled.php(8935): call_user_func(Object(Closure), Object(Illuminate\Http\Request))
#14 /Applications/MAMP/htdocs/gifter_laravel/vendor/compiled.php(8334): Illuminate\Pipeline\Pipeline->then(Object(Closure))
#15 /Applications/MAMP/htdocs/gifter_laravel/vendor/compiled.php(8320): Illuminate\Routing\ControllerDispatcher->callWithinStack(Object(App\Http\Controllers\UserController), Object(Illuminate\Routing\Route), Object(Illuminate\Http\Request), 'getOrm')
#16 /Applications/MAMP/htdocs/gifter_laravel/vendor/compiled.php(7317): Illuminate\Routing\ControllerDispatcher->dispatch(Object(Illuminate\Routing\Route), Object(Illuminate\Http\Request), 'App\\Http\\Contro...', 'getOrm')
#17 /Applications/MAMP/htdocs/gifter_laravel/vendor/compiled.php(7288): Illuminate\Routing\Route->runWithCustomDispatcher(Object(Illuminate\Http\Request))
#18 /Applications/MAMP/htdocs/gifter_laravel/vendor/compiled.php(6954): Illuminate\Routing\Route->run(Object(Illuminate\Http\Request))
#19 [internal function]: Illuminate\Routing\Router->Illuminate\Routing\{closure}(Object(Illuminate\Http\Request))
#20 /Applications/MAMP/htdocs/gifter_laravel/vendor/compiled.php(8952): call_user_func(Object(Closure), Object(Illuminate\Http\Request))
#21 [internal function]: Illuminate\Pipeline\Pipeline->Illuminate\Pipeline\{closure}(Object(Illuminate\Http\Request))
#22 /Applications/MAMP/htdocs/gifter_laravel/vendor/compiled.php(8935): call_user_func(Object(Closure), Object(Illuminate\Http\Request))
#23 /Applications/MAMP/htdocs/gifter_laravel/vendor/compiled.php(6955): Illuminate\Pipeline\Pipeline->then(Object(Closure))
#24 /Applications/MAMP/htdocs/gifter_laravel/vendor/compiled.php(6944): Illuminate\Routing\Router->runRouteWithinStack(Object(Illuminate\Routing\Route), Object(Illuminate\Http\Request))
#25 /Applications/MAMP/htdocs/gifter_laravel/vendor/compiled.php(6929): Illuminate\Routing\Router->dispatchToRoute(Object(Illuminate\Http\Request))
#26 /Applications/MAMP/htdocs/gifter_laravel/vendor/compiled.php(1935): Illuminate\Routing\Router->dispatch(Object(Illuminate\Http\Request))
#27 [internal function]: Illuminate\Foundation\Http\Kernel->Illuminate\Foundation\Http\{closure}(Object(Illuminate\Http\Request))
#28 /Applications/MAMP/htdocs/gifter_laravel/vendor/compiled.php(8952): call_user_func(Object(Closure), Object(Illuminate\Http\Request))
#29 /Applications/MAMP/htdocs/gifter_laravel/vendor/compiled.php(2438): Illuminate\Pipeline\Pipeline->Illuminate\Pipeline\{closure}(Object(Illuminate\Http\Request))
#30 /Applications/MAMP/htdocs/gifter_laravel/app/Http/Middleware/VerifyCsrfToken.php(17): Illuminate\Foundation\Http\Middleware\VerifyCsrfToken->handle(Object(Illuminate\Http\Request), Object(Closure))
#31 /Applications/MAMP/htdocs/gifter_laravel/vendor/compiled.php(8944): App\Http\Middleware\VerifyCsrfToken->handle(Object(Illuminate\Http\Request), Object(Closure))
#32 /Applications/MAMP/htdocs/gifter_laravel/vendor/compiled.php(12083): Illuminate\Pipeline\Pipeline->Illuminate\Pipeline\{closure}(Object(Illuminate\Http\Request))
#33 /Applications/MAMP/htdocs/gifter_laravel/vendor/compiled.php(8944): Illuminate\View\Middleware\ShareErrorsFromSession->handle(Object(Illuminate\Http\Request), Object(Closure))
#34 /Applications/MAMP/htdocs/gifter_laravel/vendor/compiled.php(10785): Illuminate\Pipeline\Pipeline->Illuminate\Pipeline\{closure}(Object(Illuminate\Http\Request))
#35 /Applications/MAMP/htdocs/gifter_laravel/vendor/compiled.php(8944): Illuminate\Session\Middleware\StartSession->handle(Object(Illuminate\Http\Request), Object(Closure))
#36 /Applications/MAMP/htdocs/gifter_laravel/vendor/compiled.php(11789): Illuminate\Pipeline\Pipeline->Illuminate\Pipeline\{closure}(Object(Illuminate\Http\Request))
#37 /Applications/MAMP/htdocs/gifter_laravel/vendor/compiled.php(8944): Illuminate\Cookie\Middleware\AddQueuedCookiesToResponse->handle(Object(Illuminate\Http\Request), Object(Closure))
#38 /Applications/MAMP/htdocs/gifter_laravel/vendor/compiled.php(11738): Illuminate\Pipeline\Pipeline->Illuminate\Pipeline\{closure}(Object(Illuminate\Http\Request))
#39 /Applications/MAMP/htdocs/gifter_laravel/vendor/compiled.php(8944): Illuminate\Cookie\Middleware\EncryptCookies->handle(Object(Illuminate\Http\Request), Object(Closure))
#40 /Applications/MAMP/htdocs/gifter_laravel/vendor/compiled.php(2478): Illuminate\Pipeline\Pipeline->Illuminate\Pipeline\{closure}(Object(Illuminate\Http\Request))
#41 /Applications/MAMP/htdocs/gifter_laravel/vendor/compiled.php(8944): Illuminate\Foundation\Http\Middleware\CheckForMaintenanceMode->handle(Object(Illuminate\Http\Request), Object(Closure))
#42 [internal function]: Illuminate\Pipeline\Pipeline->Illuminate\Pipeline\{closure}(Object(Illuminate\Http\Request))
#43 /Applications/MAMP/htdocs/gifter_laravel/vendor/compiled.php(8935): call_user_func(Object(Closure), Object(Illuminate\Http\Request))
#44 /Applications/MAMP/htdocs/gifter_laravel/vendor/compiled.php(1891): Illuminate\Pipeline\Pipeline->then(Object(Closure))
#45 /Applications/MAMP/htdocs/gifter_laravel/vendor/compiled.php(1880): Illuminate\Foundation\Http\Kernel->sendRequestThroughRouter(Object(Illuminate\Http\Request))
#46 /Applications/MAMP/htdocs/gifter_laravel/public/index.php(53): Illuminate\Foundation\Http\Kernel->handle(Object(Illuminate\Http\Request))
#47 {main}  
[2015-05-12 02:46:11] local.ERROR: exception 'ErrorException' with message 'Undefined property: App\User::$name' in /Applications/MAMP/htdocs/gifter_laravel/app/User.php:36
Stack trace:
#0 /Applications/MAMP/htdocs/gifter_laravel/app/User.php(36): Illuminate\Foundation\Bootstrap\HandleExceptions->handleError(8, 'Undefined prope...', '/Applications/M...', 36, Array)
#1 /Applications/MAMP/htdocs/gifter_laravel/vendor/compiled.php(10234): App\User->getNameAttribute('raul')
#2 /Applications/MAMP/htdocs/gifter_laravel/vendor/compiled.php(10203): Illuminate\Database\Eloquent\Model->mutateAttribute('name', 'raul')
#3 /Applications/MAMP/htdocs/gifter_laravel/vendor/compiled.php(10190): Illuminate\Database\Eloquent\Model->getAttributeValue('name')
#4 /Applications/MAMP/htdocs/gifter_laravel/vendor/compiled.php(10470): Illuminate\Database\Eloquent\Model->getAttribute('name')
#5 /Applications/MAMP/htdocs/gifter_laravel/app/Http/Controllers/UserController.php(12): Illuminate\Database\Eloquent\Model->__get('name')
#6 [internal function]: App\Http\Controllers\UserController->getOrm()
#7 /Applications/MAMP/htdocs/gifter_laravel/vendor/compiled.php(8287): call_user_func_array(Array, Array)
#8 /Applications/MAMP/htdocs/gifter_laravel/vendor/compiled.php(8354): Illuminate\Routing\Controller->callAction('getOrm', Array)
#9 /Applications/MAMP/htdocs/gifter_laravel/vendor/compiled.php(8333): Illuminate\Routing\ControllerDispatcher->call(Object(App\Http\Controllers\UserController), Object(Illuminate\Routing\Route), 'getOrm')
#10 [internal function]: Illuminate\Routing\ControllerDispatcher->Illuminate\Routing\{closure}(Object(Illuminate\Http\Request))
#11 /Applications/MAMP/htdocs/gifter_laravel/vendor/compiled.php(8952): call_user_func(Object(Closure), Object(Illuminate\Http\Request))
#12 [internal function]: Illuminate\Pipeline\Pipeline->Illuminate\Pipeline\{closure}(Object(Illuminate\Http\Request))
#13 /Applications/MAMP/htdocs/gifter_laravel/vendor/compiled.php(8935): call_user_func(Object(Closure), Object(Illuminate\Http\Request))
#14 /Applications/MAMP/htdocs/gifter_laravel/vendor/compiled.php(8334): Illuminate\Pipeline\Pipeline->then(Object(Closure))
#15 /Applications/MAMP/htdocs/gifter_laravel/vendor/compiled.php(8320): Illuminate\Routing\ControllerDispatcher->callWithinStack(Object(App\Http\Controllers\UserController), Object(Illuminate\Routing\Route), Object(Illuminate\Http\Request), 'getOrm')
#16 /Applications/MAMP/htdocs/gifter_laravel/vendor/compiled.php(7317): Illuminate\Routing\ControllerDispatcher->dispatch(Object(Illuminate\Routing\Route), Object(Illuminate\Http\Request), 'App\\Http\\Contro...', 'getOrm')
#17 /Applications/MAMP/htdocs/gifter_laravel/vendor/compiled.php(7288): Illuminate\Routing\Route->runWithCustomDispatcher(Object(Illuminate\Http\Request))
#18 /Applications/MAMP/htdocs/gifter_laravel/vendor/compiled.php(6954): Illuminate\Routing\Route->run(Object(Illuminate\Http\Request))
#19 [internal function]: Illuminate\Routing\Router->Illuminate\Routing\{closure}(Object(Illuminate\Http\Request))
#20 /Applications/MAMP/htdocs/gifter_laravel/vendor/compiled.php(8952): call_user_func(Object(Closure), Object(Illuminate\Http\Request))
#21 [internal function]: Illuminate\Pipeline\Pipeline->Illuminate\Pipeline\{closure}(Object(Illuminate\Http\Request))
#22 /Applications/MAMP/htdocs/gifter_laravel/vendor/compiled.php(8935): call_user_func(Object(Closure), Object(Illuminate\Http\Request))
#23 /Applications/MAMP/htdocs/gifter_laravel/vendor/compiled.php(6955): Illuminate\Pipeline\Pipeline->then(Object(Closure))
#24 /Applications/MAMP/htdocs/gifter_laravel/vendor/compiled.php(6944): Illuminate\Routing\Router->runRouteWithinStack(Object(Illuminate\Routing\Route), Object(Illuminate\Http\Request))
#25 /Applications/MAMP/htdocs/gifter_laravel/vendor/compiled.php(6929): Illuminate\Routing\Router->dispatchToRoute(Object(Illuminate\Http\Request))
#26 /Applications/MAMP/htdocs/gifter_laravel/vendor/compiled.php(1935): Illuminate\Routing\Router->dispatch(Object(Illuminate\Http\Request))
#27 [internal function]: Illuminate\Foundation\Http\Kernel->Illuminate\Foundation\Http\{closure}(Object(Illuminate\Http\Request))
#28 /Applications/MAMP/htdocs/gifter_laravel/vendor/compiled.php(8952): call_user_func(Object(Closure), Object(Illuminate\Http\Request))
#29 /Applications/MAMP/htdocs/gifter_laravel/vendor/compiled.php(2438): Illuminate\Pipeline\Pipeline->Illuminate\Pipeline\{closure}(Object(Illuminate\Http\Request))
#30 /Applications/MAMP/htdocs/gifter_laravel/app/Http/Middleware/VerifyCsrfToken.php(17): Illuminate\Foundation\Http\Middleware\VerifyCsrfToken->handle(Object(Illuminate\Http\Request), Object(Closure))
#31 /Applications/MAMP/htdocs/gifter_laravel/vendor/compiled.php(8944): App\Http\Middleware\VerifyCsrfToken->handle(Object(Illuminate\Http\Request), Object(Closure))
#32 /Applications/MAMP/htdocs/gifter_laravel/vendor/compiled.php(12083): Illuminate\Pipeline\Pipeline->Illuminate\Pipeline\{closure}(Object(Illuminate\Http\Request))
#33 /Applications/MAMP/htdocs/gifter_laravel/vendor/compiled.php(8944): Illuminate\View\Middleware\ShareErrorsFromSession->handle(Object(Illuminate\Http\Request), Object(Closure))
#34 /Applications/MAMP/htdocs/gifter_laravel/vendor/compiled.php(10785): Illuminate\Pipeline\Pipeline->Illuminate\Pipeline\{closure}(Object(Illuminate\Http\Request))
#35 /Applications/MAMP/htdocs/gifter_laravel/vendor/compiled.php(8944): Illuminate\Session\Middleware\StartSession->handle(Object(Illuminate\Http\Request), Object(Closure))
#36 /Applications/MAMP/htdocs/gifter_laravel/vendor/compiled.php(11789): Illuminate\Pipeline\Pipeline->Illuminate\Pipeline\{closure}(Object(Illuminate\Http\Request))
#37 /Applications/MAMP/htdocs/gifter_laravel/vendor/compiled.php(8944): Illuminate\Cookie\Middleware\AddQueuedCookiesToResponse->handle(Object(Illuminate\Http\Request), Object(Closure))
#38 /Applications/MAMP/htdocs/gifter_laravel/vendor/compiled.php(11738): Illuminate\Pipeline\Pipeline->Illuminate\Pipeline\{closure}(Object(Illuminate\Http\Request))
#39 /Applications/MAMP/htdocs/gifter_laravel/vendor/compiled.php(8944): Illuminate\Cookie\Middleware\EncryptCookies->handle(Object(Illuminate\Http\Request), Object(Closure))
#40 /Applications/MAMP/htdocs/gifter_laravel/vendor/compiled.php(2478): Illuminate\Pipeline\Pipeline->Illuminate\Pipeline\{closure}(Object(Illuminate\Http\Request))
#41 /Applications/MAMP/htdocs/gifter_laravel/vendor/compiled.php(8944): Illuminate\Foundation\Http\Middleware\CheckForMaintenanceMode->handle(Object(Illuminate\Http\Request), Object(Closure))
#42 [internal function]: Illuminate\Pipeline\Pipeline->Illuminate\Pipeline\{closure}(Object(Illuminate\Http\Request))
#43 /Applications/MAMP/htdocs/gifter_laravel/vendor/compiled.php(8935): call_user_func(Object(Closure), Object(Illuminate\Http\Request))
#44 /Applications/MAMP/htdocs/gifter_laravel/vendor/compiled.php(1891): Illuminate\Pipeline\Pipeline->then(Object(Closure))
#45 /Applications/MAMP/htdocs/gifter_laravel/vendor/compiled.php(1880): Illuminate\Foundation\Http\Kernel->sendRequestThroughRouter(Object(Illuminate\Http\Request))
#46 /Applications/MAMP/htdocs/gifter_laravel/public/index.php(53): Illuminate\Foundation\Http\Kernel->handle(Object(Illuminate\Http\Request))
#47 {main}  
[2015-05-12 02:47:23] local.ERROR: exception 'ErrorException' with message 'Undefined property: App\User::$name' in /Applications/MAMP/htdocs/gifter_laravel/app/User.php:36
Stack trace:
#0 /Applications/MAMP/htdocs/gifter_laravel/app/User.php(36): Illuminate\Foundation\Bootstrap\HandleExceptions->handleError(8, 'Undefined prope...', '/Applications/M...', 36, Array)
#1 /Applications/MAMP/htdocs/gifter_laravel/vendor/compiled.php(10234): App\User->getNameAttribute('raul')
#2 /Applications/MAMP/htdocs/gifter_laravel/vendor/compiled.php(10203): Illuminate\Database\Eloquent\Model->mutateAttribute('name', 'raul')
#3 /Applications/MAMP/htdocs/gifter_laravel/vendor/compiled.php(10190): Illuminate\Database\Eloquent\Model->getAttributeValue('name')
#4 /Applications/MAMP/htdocs/gifter_laravel/vendor/compiled.php(10470): Illuminate\Database\Eloquent\Model->getAttribute('name')
#5 /Applications/MAMP/htdocs/gifter_laravel/app/Http/Controllers/UserController.php(12): Illuminate\Database\Eloquent\Model->__get('name')
#6 [internal function]: App\Http\Controllers\UserController->getOrm()
#7 /Applications/MAMP/htdocs/gifter_laravel/vendor/compiled.php(8287): call_user_func_array(Array, Array)
#8 /Applications/MAMP/htdocs/gifter_laravel/vendor/compiled.php(8354): Illuminate\Routing\Controller->callAction('getOrm', Array)
#9 /Applications/MAMP/htdocs/gifter_laravel/vendor/compiled.php(8333): Illuminate\Routing\ControllerDispatcher->call(Object(App\Http\Controllers\UserController), Object(Illuminate\Routing\Route), 'getOrm')
#10 [internal function]: Illuminate\Routing\ControllerDispatcher->Illuminate\Routing\{closure}(Object(Illuminate\Http\Request))
#11 /Applications/MAMP/htdocs/gifter_laravel/vendor/compiled.php(8952): call_user_func(Object(Closure), Object(Illuminate\Http\Request))
#12 [internal function]: Illuminate\Pipeline\Pipeline->Illuminate\Pipeline\{closure}(Object(Illuminate\Http\Request))
#13 /Applications/MAMP/htdocs/gifter_laravel/vendor/compiled.php(8935): call_user_func(Object(Closure), Object(Illuminate\Http\Request))
#14 /Applications/MAMP/htdocs/gifter_laravel/vendor/compiled.php(8334): Illuminate\Pipeline\Pipeline->then(Object(Closure))
#15 /Applications/MAMP/htdocs/gifter_laravel/vendor/compiled.php(8320): Illuminate\Routing\ControllerDispatcher->callWithinStack(Object(App\Http\Controllers\UserController), Object(Illuminate\Routing\Route), Object(Illuminate\Http\Request), 'getOrm')
#16 /Applications/MAMP/htdocs/gifter_laravel/vendor/compiled.php(7317): Illuminate\Routing\ControllerDispatcher->dispatch(Object(Illuminate\Routing\Route), Object(Illuminate\Http\Request), 'App\\Http\\Contro...', 'getOrm')
#17 /Applications/MAMP/htdocs/gifter_laravel/vendor/compiled.php(7288): Illuminate\Routing\Route->runWithCustomDispatcher(Object(Illuminate\Http\Request))
#18 /Applications/MAMP/htdocs/gifter_laravel/vendor/compiled.php(6954): Illuminate\Routing\Route->run(Object(Illuminate\Http\Request))
#19 [internal function]: Illuminate\Routing\Router->Illuminate\Routing\{closure}(Object(Illuminate\Http\Request))
#20 /Applications/MAMP/htdocs/gifter_laravel/vendor/compiled.php(8952): call_user_func(Object(Closure), Object(Illuminate\Http\Request))
#21 [internal function]: Illuminate\Pipeline\Pipeline->Illuminate\Pipeline\{closure}(Object(Illuminate\Http\Request))
#22 /Applications/MAMP/htdocs/gifter_laravel/vendor/compiled.php(8935): call_user_func(Object(Closure), Object(Illuminate\Http\Request))
#23 /Applications/MAMP/htdocs/gifter_laravel/vendor/compiled.php(6955): Illuminate\Pipeline\Pipeline->then(Object(Closure))
#24 /Applications/MAMP/htdocs/gifter_laravel/vendor/compiled.php(6944): Illuminate\Routing\Router->runRouteWithinStack(Object(Illuminate\Routing\Route), Object(Illuminate\Http\Request))
#25 /Applications/MAMP/htdocs/gifter_laravel/vendor/compiled.php(6929): Illuminate\Routing\Router->dispatchToRoute(Object(Illuminate\Http\Request))
#26 /Applications/MAMP/htdocs/gifter_laravel/vendor/compiled.php(1935): Illuminate\Routing\Router->dispatch(Object(Illuminate\Http\Request))
#27 [internal function]: Illuminate\Foundation\Http\Kernel->Illuminate\Foundation\Http\{closure}(Object(Illuminate\Http\Request))
#28 /Applications/MAMP/htdocs/gifter_laravel/vendor/compiled.php(8952): call_user_func(Object(Closure), Object(Illuminate\Http\Request))
#29 /Applications/MAMP/htdocs/gifter_laravel/vendor/compiled.php(2438): Illuminate\Pipeline\Pipeline->Illuminate\Pipeline\{closure}(Object(Illuminate\Http\Request))
#30 /Applications/MAMP/htdocs/gifter_laravel/app/Http/Middleware/VerifyCsrfToken.php(17): Illuminate\Foundation\Http\Middleware\VerifyCsrfToken->handle(Object(Illuminate\Http\Request), Object(Closure))
#31 /Applications/MAMP/htdocs/gifter_laravel/vendor/compiled.php(8944): App\Http\Middleware\VerifyCsrfToken->handle(Object(Illuminate\Http\Request), Object(Closure))
#32 /Applications/MAMP/htdocs/gifter_laravel/vendor/compiled.php(12083): Illuminate\Pipeline\Pipeline->Illuminate\Pipeline\{closure}(Object(Illuminate\Http\Request))
#33 /Applications/MAMP/htdocs/gifter_laravel/vendor/compiled.php(8944): Illuminate\View\Middleware\ShareErrorsFromSession->handle(Object(Illuminate\Http\Request), Object(Closure))
#34 /Applications/MAMP/htdocs/gifter_laravel/vendor/compiled.php(10785): Illuminate\Pipeline\Pipeline->Illuminate\Pipeline\{closure}(Object(Illuminate\Http\Request))
#35 /Applications/MAMP/htdocs/gifter_laravel/vendor/compiled.php(8944): Illuminate\Session\Middleware\StartSession->handle(Object(Illuminate\Http\Request), Object(Closure))
#36 /Applications/MAMP/htdocs/gifter_laravel/vendor/compiled.php(11789): Illuminate\Pipeline\Pipeline->Illuminate\Pipeline\{closure}(Object(Illuminate\Http\Request))
#37 /Applications/MAMP/htdocs/gifter_laravel/vendor/compiled.php(8944): Illuminate\Cookie\Middleware\AddQueuedCookiesToResponse->handle(Object(Illuminate\Http\Request), Object(Closure))
#38 /Applications/MAMP/htdocs/gifter_laravel/vendor/compiled.php(11738): Illuminate\Pipeline\Pipeline->Illuminate\Pipeline\{closure}(Object(Illuminate\Http\Request))
#39 /Applications/MAMP/htdocs/gifter_laravel/vendor/compiled.php(8944): Illuminate\Cookie\Middleware\EncryptCookies->handle(Object(Illuminate\Http\Request), Object(Closure))
#40 /Applications/MAMP/htdocs/gifter_laravel/vendor/compiled.php(2478): Illuminate\Pipeline\Pipeline->Illuminate\Pipeline\{closure}(Object(Illuminate\Http\Request))
#41 /Applications/MAMP/htdocs/gifter_laravel/vendor/compiled.php(8944): Illuminate\Foundation\Http\Middleware\CheckForMaintenanceMode->handle(Object(Illuminate\Http\Request), Object(Closure))
#42 [internal function]: Illuminate\Pipeline\Pipeline->Illuminate\Pipeline\{closure}(Object(Illuminate\Http\Request))
#43 /Applications/MAMP/htdocs/gifter_laravel/vendor/compiled.php(8935): call_user_func(Object(Closure), Object(Illuminate\Http\Request))
#44 /Applications/MAMP/htdocs/gifter_laravel/vendor/compiled.php(1891): Illuminate\Pipeline\Pipeline->then(Object(Closure))
#45 /Applications/MAMP/htdocs/gifter_laravel/vendor/compiled.php(1880): Illuminate\Foundation\Http\Kernel->sendRequestThroughRouter(Object(Illuminate\Http\Request))
#46 /Applications/MAMP/htdocs/gifter_laravel/public/index.php(53): Illuminate\Foundation\Http\Kernel->handle(Object(Illuminate\Http\Request))
#47 {main}  
[2015-05-12 02:48:36] local.ERROR: exception 'ErrorException' with message 'Undefined property: App\User::$Name' in /Applications/MAMP/htdocs/gifter_laravel/app/User.php:36
Stack trace:
#0 /Applications/MAMP/htdocs/gifter_laravel/app/User.php(36): Illuminate\Foundation\Bootstrap\HandleExceptions->handleError(8, 'Undefined prope...', '/Applications/M...', 36, Array)
#1 /Applications/MAMP/htdocs/gifter_laravel/vendor/compiled.php(10234): App\User->getNameAttribute(NULL)
#2 /Applications/MAMP/htdocs/gifter_laravel/vendor/compiled.php(10203): Illuminate\Database\Eloquent\Model->mutateAttribute('Name', NULL)
#3 /Applications/MAMP/htdocs/gifter_laravel/vendor/compiled.php(10190): Illuminate\Database\Eloquent\Model->getAttributeValue('Name')
#4 /Applications/MAMP/htdocs/gifter_laravel/vendor/compiled.php(10470): Illuminate\Database\Eloquent\Model->getAttribute('Name')
#5 /Applications/MAMP/htdocs/gifter_laravel/app/User.php(36): Illuminate\Database\Eloquent\Model->__get('Name')
#6 /Applications/MAMP/htdocs/gifter_laravel/vendor/compiled.php(10234): App\User->getNameAttribute('raul')
#7 /Applications/MAMP/htdocs/gifter_laravel/vendor/compiled.php(10203): Illuminate\Database\Eloquent\Model->mutateAttribute('name', 'raul')
#8 /Applications/MAMP/htdocs/gifter_laravel/vendor/compiled.php(10190): Illuminate\Database\Eloquent\Model->getAttributeValue('name')
#9 /Applications/MAMP/htdocs/gifter_laravel/vendor/compiled.php(10470): Illuminate\Database\Eloquent\Model->getAttribute('name')
#10 /Applications/MAMP/htdocs/gifter_laravel/app/Http/Controllers/UserController.php(12): Illuminate\Database\Eloquent\Model->__get('name')
#11 [internal function]: App\Http\Controllers\UserController->getOrm()
#12 /Applications/MAMP/htdocs/gifter_laravel/vendor/compiled.php(8287): call_user_func_array(Array, Array)
#13 /Applications/MAMP/htdocs/gifter_laravel/vendor/compiled.php(8354): Illuminate\Routing\Controller->callAction('getOrm', Array)
#14 /Applications/MAMP/htdocs/gifter_laravel/vendor/compiled.php(8333): Illuminate\Routing\ControllerDispatcher->call(Object(App\Http\Controllers\UserController), Object(Illuminate\Routing\Route), 'getOrm')
#15 [internal function]: Illuminate\Routing\ControllerDispatcher->Illuminate\Routing\{closure}(Object(Illuminate\Http\Request))
#16 /Applications/MAMP/htdocs/gifter_laravel/vendor/compiled.php(8952): call_user_func(Object(Closure), Object(Illuminate\Http\Request))
#17 [internal function]: Illuminate\Pipeline\Pipeline->Illuminate\Pipeline\{closure}(Object(Illuminate\Http\Request))
#18 /Applications/MAMP/htdocs/gifter_laravel/vendor/compiled.php(8935): call_user_func(Object(Closure), Object(Illuminate\Http\Request))
#19 /Applications/MAMP/htdocs/gifter_laravel/vendor/compiled.php(8334): Illuminate\Pipeline\Pipeline->then(Object(Closure))
#20 /Applications/MAMP/htdocs/gifter_laravel/vendor/compiled.php(8320): Illuminate\Routing\ControllerDispatcher->callWithinStack(Object(App\Http\Controllers\UserController), Object(Illuminate\Routing\Route), Object(Illuminate\Http\Request), 'getOrm')
#21 /Applications/MAMP/htdocs/gifter_laravel/vendor/compiled.php(7317): Illuminate\Routing\ControllerDispatcher->dispatch(Object(Illuminate\Routing\Route), Object(Illuminate\Http\Request), 'App\\Http\\Contro...', 'getOrm')
#22 /Applications/MAMP/htdocs/gifter_laravel/vendor/compiled.php(7288): Illuminate\Routing\Route->runWithCustomDispatcher(Object(Illuminate\Http\Request))
#23 /Applications/MAMP/htdocs/gifter_laravel/vendor/compiled.php(6954): Illuminate\Routing\Route->run(Object(Illuminate\Http\Request))
#24 [internal function]: Illuminate\Routing\Router->Illuminate\Routing\{closure}(Object(Illuminate\Http\Request))
#25 /Applications/MAMP/htdocs/gifter_laravel/vendor/compiled.php(8952): call_user_func(Object(Closure), Object(Illuminate\Http\Request))
#26 [internal function]: Illuminate\Pipeline\Pipeline->Illuminate\Pipeline\{closure}(Object(Illuminate\Http\Request))
#27 /Applications/MAMP/htdocs/gifter_laravel/vendor/compiled.php(8935): call_user_func(Object(Closure), Object(Illuminate\Http\Request))
#28 /Applications/MAMP/htdocs/gifter_laravel/vendor/compiled.php(6955): Illuminate\Pipeline\Pipeline->then(Object(Closure))
#29 /Applications/MAMP/htdocs/gifter_laravel/vendor/compiled.php(6944): Illuminate\Routing\Router->runRouteWithinStack(Object(Illuminate\Routing\Route), Object(Illuminate\Http\Request))
#30 /Applications/MAMP/htdocs/gifter_laravel/vendor/compiled.php(6929): Illuminate\Routing\Router->dispatchToRoute(Object(Illuminate\Http\Request))
#31 /Applications/MAMP/htdocs/gifter_laravel/vendor/compiled.php(1935): Illuminate\Routing\Router->dispatch(Object(Illuminate\Http\Request))
#32 [internal function]: Illuminate\Foundation\Http\Kernel->Illuminate\Foundation\Http\{closure}(Object(Illuminate\Http\Request))
#33 /Applications/MAMP/htdocs/gifter_laravel/vendor/compiled.php(8952): call_user_func(Object(Closure), Object(Illuminate\Http\Request))
#34 /Applications/MAMP/htdocs/gifter_laravel/vendor/compiled.php(2438): Illuminate\Pipeline\Pipeline->Illuminate\Pipeline\{closure}(Object(Illuminate\Http\Request))
#35 /Applications/MAMP/htdocs/gifter_laravel/app/Http/Middleware/VerifyCsrfToken.php(17): Illuminate\Foundation\Http\Middleware\VerifyCsrfToken->handle(Object(Illuminate\Http\Request), Object(Closure))
#36 /Applications/MAMP/htdocs/gifter_laravel/vendor/compiled.php(8944): App\Http\Middleware\VerifyCsrfToken->handle(Object(Illuminate\Http\Request), Object(Closure))
#37 /Applications/MAMP/htdocs/gifter_laravel/vendor/compiled.php(12083): Illuminate\Pipeline\Pipeline->Illuminate\Pipeline\{closure}(Object(Illuminate\Http\Request))
#38 /Applications/MAMP/htdocs/gifter_laravel/vendor/compiled.php(8944): Illuminate\View\Middleware\ShareErrorsFromSession->handle(Object(Illuminate\Http\Request), Object(Closure))
#39 /Applications/MAMP/htdocs/gifter_laravel/vendor/compiled.php(10785): Illuminate\Pipeline\Pipeline->Illuminate\Pipeline\{closure}(Object(Illuminate\Http\Request))
#40 /Applications/MAMP/htdocs/gifter_laravel/vendor/compiled.php(8944): Illuminate\Session\Middleware\StartSession->handle(Object(Illuminate\Http\Request), Object(Closure))
#41 /Applications/MAMP/htdocs/gifter_laravel/vendor/compiled.php(11789): Illuminate\Pipeline\Pipeline->Illuminate\Pipeline\{closure}(Object(Illuminate\Http\Request))
#42 /Applications/MAMP/htdocs/gifter_laravel/vendor/compiled.php(8944): Illuminate\Cookie\Middleware\AddQueuedCookiesToResponse->handle(Object(Illuminate\Http\Request), Object(Closure))
#43 /Applications/MAMP/htdocs/gifter_laravel/vendor/compiled.php(11738): Illuminate\Pipeline\Pipeline->Illuminate\Pipeline\{closure}(Object(Illuminate\Http\Request))
#44 /Applications/MAMP/htdocs/gifter_laravel/vendor/compiled.php(8944): Illuminate\Cookie\Middleware\EncryptCookies->handle(Object(Illuminate\Http\Request), Object(Closure))
#45 /Applications/MAMP/htdocs/gifter_laravel/vendor/compiled.php(2478): Illuminate\Pipeline\Pipeline->Illuminate\Pipeline\{closure}(Object(Illuminate\Http\Request))
#46 /Applications/MAMP/htdocs/gifter_laravel/vendor/compiled.php(8944): Illuminate\Foundation\Http\Middleware\CheckForMaintenanceMode->handle(Object(Illuminate\Http\Request), Object(Closure))
#47 [internal function]: Illuminate\Pipeline\Pipeline->Illuminate\Pipeline\{closure}(Object(Illuminate\Http\Request))
#48 /Applications/MAMP/htdocs/gifter_laravel/vendor/compiled.php(8935): call_user_func(Object(Closure), Object(Illuminate\Http\Request))
#49 /Applications/MAMP/htdocs/gifter_laravel/vendor/compiled.php(1891): Illuminate\Pipeline\Pipeline->then(Object(Closure))
#50 /Applications/MAMP/htdocs/gifter_laravel/vendor/compiled.php(1880): Illuminate\Foundation\Http\Kernel->sendRequestThroughRouter(Object(Illuminate\Http\Request))
#51 /Applications/MAMP/htdocs/gifter_laravel/public/index.php(53): Illuminate\Foundation\Http\Kernel->handle(Object(Illuminate\Http\Request))
#52 {main}  
